src/components/shared/CustomCursor.tsx(40,31): error TS2554: Expected 1 arguments, but got 0.
src/components/shared/OptimizedImage.tsx(38,31): error TS2339: Property 'className' does not exist on type '{ prefix?: string | undefined; height?: number | `${number}` | undefined; width?: number | `${number}` | undefined; translate?: "no" | "yes" | undefined; fill?: boolean | undefined; objectPosition?: string | undefined; ... 297 more ...; lazyRoot?: string | undefined; }'.
src/components/shared/UnifiedHome.tsx(7,1): error TS2578: Unused '@ts-expect-error' directive.
src/components/shared/UnifiedHome.tsx(9,1): error TS2578: Unused '@ts-expect-error' directive.
src/components/shared/UnifiedHome.tsx(12,26): error TS2339: Property 'FixedSizeList' does not exist on type 'typeof import("D:/Projects/ihateyou/node_modules/react-window/dist/react-window")'.
src/components/shared/UnifiedHome.tsx(13,34): error TS2339: Property 'default' does not exist on type 'typeof import("D:/Projects/ihateyou/node_modules/react-virtualized-auto-sizer/dist/react-virtualized-auto-sizer")'.
src/features/chat/components/MessagesSection.tsx(17,1): error TS2578: Unused '@ts-expect-error' directive.
src/features/chat/components/MessagesSection.tsx(19,1): error TS2578: Unused '@ts-expect-error' directive.
src/features/chat/components/MessagesSection.tsx(22,35): error TS2339: Property 'FixedSizeList' does not exist on type 'typeof import("D:/Projects/ihateyou/node_modules/react-window/dist/react-window")'.
src/features/games/components/PacmanGame.tsx(92,30): error TS2554: Expected 1 arguments, but got 0.
src/features/games/components/VoidPopperGame.tsx(11,24): error TS2554: Expected 1 arguments, but got 0.
src/features/social/components/SocialFeed.tsx(12,1): error TS2578: Unused '@ts-expect-error' directive.
src/features/social/components/SocialFeed.tsx(14,1): error TS2578: Unused '@ts-expect-error' directive.
src/features/social/components/SocialFeed.tsx(191,48): error TS2322: Type 'string | undefined' is not assignable to type 'string | StaticImport'.
  Type 'undefined' is not assignable to type 'string | StaticImport'.
src/hooks/useDarkMode.ts(35,31): error TS2304: Cannot find name 'useCallback'.
src/hooks/useDarkMode.ts(43,35): error TS2304: Cannot find name 'useCallback'.
src/lib/utils/lazyLoad.ts(41,48): error TS2307: Cannot find module '@/features/playzone/components/ChessGame' or its corresponding type declarations.
src/lib/utils/lazyLoad.ts(42,49): error TS2307: Cannot find module '@/features/playzone/components/TetrisGame' or its corresponding type declarations.
